La génération a démarré 21-Nov-14 5:24:05 PM.
     1>Projet "D:\soft\SIMBICON\src\Core\Core.vcxproj" sur le nœud 6 (Build cible(s)).
     1>ClCompile:
         C:\Program Files (x86)\Microsoft Visual Studio 12.0\VC\bin\CL.exe /c /I../ /I"../ode-0.9/include" /I../include /Zi /nologo /W3 /WX- /Od /Oy- /D WIN32 /D _DEBUG /D _LIB /D _MBCS /Gm /EHsc /RTC1 /MTd /GS /fp:precise /Zc:wchar_t /Zc:forScope /Fo"Debug\\" /Fd"Debug\vc120.pdb" /Gd /TP /wd4996 /analyze- /errorReport:prompt Character.cpp SimGlobals.cpp BalanceFeedback.cpp BaseControlFramework.cpp Controller.cpp ConUtils.cpp PoseController.cpp SimBiConFramework.cpp SimBiConState.cpp SimBiController.cpp
         SimBiController.cpp
     1>D:\soft\SIMBICON\src\MathLib/mathLib.h(38): warning C4005: 'INFINITY' : redéfinition de macro
                 C:\Program Files (x86)\Microsoft Visual Studio 12.0\VC\include\math.h(102) : voir la définition précédente de 'INFINITY'
         SimBiConState.cpp
     1>D:\soft\SIMBICON\src\MathLib/mathLib.h(38): warning C4005: 'INFINITY' : redéfinition de macro
                 C:\Program Files (x86)\Microsoft Visual Studio 12.0\VC\include\math.h(102) : voir la définition précédente de 'INFINITY'
         SimBiConFramework.cpp
     1>D:\soft\SIMBICON\src\MathLib/mathLib.h(38): warning C4005: 'INFINITY' : redéfinition de macro
                 C:\Program Files (x86)\Microsoft Visual Studio 12.0\VC\include\math.h(102) : voir la définition précédente de 'INFINITY'
         PoseController.cpp
     1>D:\soft\SIMBICON\src\MathLib/mathLib.h(38): warning C4005: 'INFINITY' : redéfinition de macro
                 C:\Program Files (x86)\Microsoft Visual Studio 12.0\VC\include\math.h(102) : voir la définition précédente de 'INFINITY'
         ConUtils.cpp
         Controller.cpp
     1>D:\soft\SIMBICON\src\MathLib/mathLib.h(38): warning C4005: 'INFINITY' : redéfinition de macro
                 C:\Program Files (x86)\Microsoft Visual Studio 12.0\VC\include\math.h(102) : voir la définition précédente de 'INFINITY'
         BaseControlFramework.cpp
     1>D:\soft\SIMBICON\src\MathLib/mathLib.h(38): warning C4005: 'INFINITY' : redéfinition de macro
                 C:\Program Files (x86)\Microsoft Visual Studio 12.0\VC\include\math.h(102) : voir la définition précédente de 'INFINITY'
         BalanceFeedback.cpp
     1>D:\soft\SIMBICON\src\MathLib/mathLib.h(38): warning C4005: 'INFINITY' : redéfinition de macro
                 C:\Program Files (x86)\Microsoft Visual Studio 12.0\VC\include\math.h(102) : voir la définition précédente de 'INFINITY'
         SimGlobals.cpp
     1>D:\soft\SIMBICON\src\MathLib/mathLib.h(38): warning C4005: 'INFINITY' : redéfinition de macro
                 C:\Program Files (x86)\Microsoft Visual Studio 12.0\VC\include\math.h(102) : voir la définition précédente de 'INFINITY'
         Character.cpp
     1>D:\soft\SIMBICON\src\MathLib/mathLib.h(38): warning C4005: 'INFINITY' : redéfinition de macro
                 C:\Program Files (x86)\Microsoft Visual Studio 12.0\VC\include\math.h(102) : voir la définition précédente de 'INFINITY'
         Génération de code en cours...
       Lib:
         C:\Program Files (x86)\Microsoft Visual Studio 12.0\VC\bin\Lib.exe /OUT:"../binaries/Debug\Core.lib" /NOLOGO Debug\Character.obj
         Debug\SimGlobals.obj
         Debug\BalanceFeedback.obj
         Debug\BaseControlFramework.obj
         Debug\Controller.obj
         Debug\ConUtils.obj
         Debug\PoseController.obj
         Debug\SimBiConFramework.obj
         Debug\SimBiConState.obj
         Debug\SimBiController.obj
         Core.vcxproj -> D:\soft\SIMBICON\src\Core\../binaries/Debug\Core.lib
     1>Génération du projet "D:\soft\SIMBICON\src\Core\Core.vcxproj" terminée (Build cible(s)).

La génération a réussi.

Temps écoulé 00:00:05.91
