\BOOKMARK [0][-]{chapter.1}{Contr\364le du mouvement de marche de personnages virtuels en milieu liquide}{}% 1
\BOOKMARK [1][-]{section.1.1}{Introduction}{chapter.1}% 2
\BOOKMARK [1][-]{section.1.2}{Previous works}{chapter.1}% 3
\BOOKMARK [1][-]{section.1.3}{System Overview}{chapter.1}% 4
\BOOKMARK [1][-]{section.1.4}{External Forces}{chapter.1}% 5
\BOOKMARK [1][-]{section.1.5}{Control Framework}{chapter.1}% 6
\BOOKMARK [2][-]{subsection.1.5.1}{Reference Controllers Combiner}{section.1.5}% 7
\BOOKMARK [2][-]{subsection.1.5.2}{Inversed Pendulum Model}{section.1.5}% 8
\BOOKMARK [3][-]{section*.2}{Specific IPM Usage}{subsection.1.5.2}% 9
\BOOKMARK [3][-]{section*.3}{IPM Results Alteration}{subsection.1.5.2}% 10
\BOOKMARK [2][-]{subsection.1.5.3}{External Force Fields Compensator}{section.1.5}% 11
\BOOKMARK [2][-]{subsection.1.5.4}{Velocity Tuning}{section.1.5}% 12
\BOOKMARK [2][-]{subsection.1.5.5}{Stance Foot Contact Control}{section.1.5}% 13
\BOOKMARK [1][-]{section.1.6}{Offline Optimization}{chapter.1}% 14
\BOOKMARK [2][-]{subsection.1.6.1}{Objective function}{section.1.6}% 15
\BOOKMARK [2][-]{subsection.1.6.2}{Optimization strategy}{section.1.6}% 16
\BOOKMARK [1][-]{section.1.7}{Implementation}{chapter.1}% 17
\BOOKMARK [1][-]{section.1.8}{Results}{chapter.1}% 18
\BOOKMARK [2][-]{subsection.1.8.1}{Offline Optimization}{section.1.8}% 19
\BOOKMARK [2][-]{subsection.1.8.2}{Experiments on the final controller}{section.1.8}% 20
\BOOKMARK [2][-]{subsection.1.8.3}{Discussions}{section.1.8}% 21
\BOOKMARK [1][-]{section.1.9}{Conclusion}{chapter.1}% 22
\BOOKMARK [1][-]{section.A.1}{Joint-space motion control and PD-controllers}{chapter.1}% 23
\BOOKMARK [1][-]{section.A.2}{Inversed Pendulum Model}{chapter.1}% 24
\BOOKMARK [1][-]{section.A.3}{Inversed Kinematics with jacobian transpose}{chapter.1}% 25
