La génération a démarré 10/02/2015 16:47:00.
     1>Projet "C:\Users\scarensac\Documents\SIMBICON\src\AppGUI\AppGUI.vcxproj" sur le nœud 2 (Build cible(s)).
     1>ClCompile:
         C:\Program Files (x86)\Microsoft Visual Studio 12.0\VC\bin\CL.exe /c /I../ /I../include /I"../ode-0.9/include" /nologo /W3 /WX- /O2 /Oi /Ot /Oy- /GL /D WIN32 /D NDEBUG /D _WINDOWS /D _UNICODE /D UNICODE /Gm- /EHsc /MT /GS /Gy /fp:precise /Zc:wchar_t /Zc:forScope /Fo"Release\\" /Fd"Release\vc120.pdb" /Gd /TP /wd4996 /analyze- /errorReport:prompt ControllerEditor.cpp
         ControllerEditor.cpp
     1>../MathLib/mathLib.h(38): warning C4005: 'INFINITY' : redéfinition de macro
                 C:\Program Files (x86)\Microsoft Visual Studio 12.0\VC\include\math.h(102) : voir la définition précédente de 'INFINITY'
       Link:
         C:\Program Files (x86)\Microsoft Visual Studio 12.0\VC\bin\link.exe /ERRORREPORT:PROMPT /OUT:"../binaries/Release\AppGUI.exe" /INCREMENTAL:NO /NOLOGO /LIBPATH:../../lib /LIBPATH:../../lib/ooqp glew32.lib glu32.lib opengl32.lib tcl84.lib tk84.lib wsock32.lib comctl32.lib odbc32.lib odbccp32.lib kernel32.lib user32.lib gdi32.lib winspool.lib comdlg32.lib advapi32.lib shell32.lib ole32.lib oleaut32.lib uuid.lib odbc32.lib odbccp32.lib /MANIFEST /MANIFESTUAC:"level='asInvoker' uiAccess='false'" /manifest:embed /PDB:"../binaries/Release\AppGUI.pdb" /SUBSYSTEM:WINDOWS /OPT:REF /OPT:ICF /LTCG /TLBID:1 /DYNAMICBASE /NXCOMPAT /IMPLIB:"../binaries/Release\AppGUI.lib" /MACHINE:X86 /SAFESEH:NO Release\Application.obj
         Release\ControllerEditor.obj
         Release\CurveEditor.obj
         Release\InteractionInterface.obj
         Release\InteractiveWorld.obj
         Release\SubGLWindow.obj
         Release\Globals.obj
         Release\GLWindow.obj
         Release\main.obj
         Release\tcltk.obj
         Release\UI.obj
         C:\Users\scarensac\Documents\SIMBICON\src\binaries\Release\Core.lib
         C:\Users\scarensac\Documents\SIMBICON\src\binaries\Release\Utils.lib
         C:\Users\scarensac\Documents\SIMBICON\src\binaries\Release\GLUtils.lib
         C:\Users\scarensac\Documents\SIMBICON\src\binaries\Release\gsl.lib
         C:\Users\scarensac\Documents\SIMBICON\src\binaries\Release\MathLib.lib
         C:\Users\scarensac\Documents\SIMBICON\src\binaries\Release\ode.lib
         C:\Users\scarensac\Documents\SIMBICON\src\binaries\Release\Physics.lib
         Génération de code en cours
         Fin de la génération du code
         AppGUI.vcxproj -> C:\Users\scarensac\Documents\SIMBICON\src\AppGUI\../binaries/Release\AppGUI.exe
     1>Génération du projet "C:\Users\scarensac\Documents\SIMBICON\src\AppGUI\AppGUI.vcxproj" terminée (Build cible(s)).

La génération a réussi.

Temps écoulé 00:00:02.74
