La génération a démarré 03-Dec-14 1:59:06 PM.
     1>Projet "D:\soft\SIMBICON\src\AppGUI\AppGUI.vcxproj" sur le nœud 2 (Build cible(s)).
     1>ClCompile:
         C:\Program Files (x86)\Microsoft Visual Studio 12.0\VC\bin\CL.exe /c /I../ /I../include /I"../ode-0.9/include" /Zi /nologo /W3 /WX- /Od /Oy- /D WIN32 /D _DEBUG /D _WINDOWS /D _MBCS /Gm /EHsc /RTC1 /MTd /GS /fp:precise /Zc:wchar_t /Zc:forScope /Fo"Debug\\" /Fd"Debug\vc120.pdb" /Gd /TP /wd4996 /analyze- /errorReport:prompt UI.cpp
         UI.cpp
     1>D:\soft\SIMBICON\src\MathLib/mathLib.h(38): warning C4005: 'INFINITY' : redéfinition de macro
                 C:\Program Files (x86)\Microsoft Visual Studio 12.0\VC\include\math.h(102) : voir la définition précédente de 'INFINITY'
       Link:
         C:\Program Files (x86)\Microsoft Visual Studio 12.0\VC\bin\link.exe /ERRORREPORT:PROMPT /OUT:"../binaries/Debug\AppGUI.exe" /INCREMENTAL /NOLOGO /LIBPATH:../../lib /LIBPATH:../binaries/debug /LIBPATH:../../lib/ooqpd glew32.lib opengl32.lib glu32.lib tcl84.lib tk84.lib wsock32.lib comctl32.lib odbc32.lib odbccp32.lib kernel32.lib user32.lib gdi32.lib winspool.lib comdlg32.lib advapi32.lib shell32.lib ole32.lib oleaut32.lib uuid.lib odbc32.lib odbccp32.lib /MANIFEST /MANIFESTUAC:"level='asInvoker' uiAccess='false'" /manifest:embed /DEBUG /PDB:"../binaries/Debug\AppGUI.pdb" /SUBSYSTEM:WINDOWS /TLBID:1 /DYNAMICBASE /NXCOMPAT:NO /IMPLIB:"../binaries/Debug\AppGUI.lib" /MACHINE:X86 /SAFESEH:NO Debug\Application.obj
         Debug\ControllerEditor.obj
         Debug\CurveEditor.obj
         Debug\InteractionInterface.obj
         Debug\InteractiveWorld.obj
         Debug\SubGLWindow.obj
         Debug\Globals.obj
         Debug\GLWindow.obj
         Debug\main.obj
         Debug\tcltk.obj
         Debug\UI.obj
         D:\soft\SIMBICON\src\binaries\Debug\Core.lib
         D:\soft\SIMBICON\src\binaries\Debug\Utils.lib
         D:\soft\SIMBICON\src\binaries\Debug\GLUtils.lib
         D:\soft\SIMBICON\src\binaries\Debug\gsl.lib
         D:\soft\SIMBICON\src\binaries\Debug\MathLib.lib
         D:\soft\SIMBICON\src\Debug\ode.lib
         D:\soft\SIMBICON\src\binaries\Debug\Physics.lib
         AppGUI.vcxproj -> D:\soft\SIMBICON\src\AppGUI\../binaries/Debug\AppGUI.exe
     1>Génération du projet "D:\soft\SIMBICON\src\AppGUI\AppGUI.vcxproj" terminée (Build cible(s)).

La génération a réussi.

Temps écoulé 00:00:01.20
