La génération a démarré 10/02/2015 10:46:35.
     1>Projet "C:\Users\scarensac\Documents\SIMBICON\src\Physics\Physics.vcxproj" sur le nœud 2 (Build cible(s)).
     1>ClCompile:
         C:\Program Files (x86)\Microsoft Visual Studio 12.0\VC\bin\CL.exe /c /I../ /I"../ode-0.9/include" /nologo /W3 /WX- /O2 /Ot /Oy- /D WIN32 /D NDEBUG /D _CONSOLE /D _VC80_UPGRADE=0x0710 /D _MBCS /Gm- /EHsc /MT /GS /arch:SSE2 /fp:precise /Zc:wchar_t /Zc:forScope /Fo"Release\\" /Fd"Release\vc120.pdb" /Gd /TP /wd4996 /analyze- /errorReport:prompt ODEWorld.cpp
         ODEWorld.cpp
     1>../MathLib/mathLib.h(38): warning C4005: 'INFINITY' : redéfinition de macro
                 C:\Program Files (x86)\Microsoft Visual Studio 12.0\VC\include\math.h(102) : voir la définition précédente de 'INFINITY'
       Lib:
         C:\Program Files (x86)\Microsoft Visual Studio 12.0\VC\bin\Lib.exe /OUT:"../binaries/Release\Physics.lib" /NOLOGO Release\AbstractRBEngine.obj
         Release\ArticulatedFigure.obj
         Release\ArticulatedRigidBody.obj
         Release\ODEWorld.obj
         Release\PreCollisionQuery.obj
         Release\RBProperties.obj
         Release\RBState.obj
         Release\RBUtils.obj
         Release\RigidBody.obj
         Release\BoxCDP.obj
         Release\CapsuleCDP.obj
         Release\CollisionDetectionPrimitive.obj
         Release\PlaneCDP.obj
         Release\SphereCDP.obj
         Release\BallInSocketJoint.obj
         Release\HingeJoint.obj
         Release\Joint.obj
         Release\UniversalJoint.obj
         Physics.vcxproj -> C:\Users\scarensac\Documents\SIMBICON\src\Physics\../binaries/Release\Physics.lib
     1>Génération du projet "C:\Users\scarensac\Documents\SIMBICON\src\Physics\Physics.vcxproj" terminée (Build cible(s)).

La génération a réussi.

Temps écoulé 00:00:01.25
