La génération a démarré 04/02/2015 13:58:43.
     1>Projet "C:\Users\scarensac\Documents\SIMBICON\src\MathLib\MathLib.vcxproj" sur le nœud 2 (Build cible(s)).
     1>ClCompile:
         C:\Program Files (x86)\Microsoft Visual Studio 12.0\VC\bin\CL.exe /c /I../ /nologo /W3 /WX- /O2 /Ot /Oy- /D WIN32 /D NDEBUG /D _CONSOLE /D _VC80_UPGRADE=0x0710 /D _MBCS /Gm- /EHsc /MT /GS /arch:SSE2 /fp:precise /Zc:wchar_t /Zc:forScope /Fo"Release\\" /Fd"Release\vc120.pdb" /Gd /TP /wd4996 /analyze- /errorReport:prompt Quaternion.cpp
         Quaternion.cpp
     1>../MathLib/MathLib.h(38): warning C4005: 'INFINITY' : redéfinition de macro
                 C:\Program Files (x86)\Microsoft Visual Studio 12.0\VC\include\math.h(102) : voir la définition précédente de 'INFINITY'
       Lib:
         C:\Program Files (x86)\Microsoft Visual Studio 12.0\VC\bin\Lib.exe /OUT:"..\binaries\Release\MathLib.lib" /NOLOGO Release\Capsule.obj
         Release\Matrix.obj
         Release\Plane.obj
         Release\Point3d.obj
         Release\Quaternion.obj
         Release\Sphere.obj
         Release\ThreeTuple.obj
         Release\TransformationMatrix.obj
         Release\Vector.obj
         Release\Vector3d.obj
         MathLib.vcxproj -> C:\Users\scarensac\Documents\SIMBICON\src\MathLib\..\binaries\Release\MathLib.lib
     1>Génération du projet "C:\Users\scarensac\Documents\SIMBICON\src\MathLib\MathLib.vcxproj" terminée (Build cible(s)).

La génération a réussi.

Temps écoulé 00:00:03.10
