La génération a démarré 21-Nov-14 5:24:07 PM.
     1>Projet "D:\soft\SIMBICON\src\GLUtils\GLUtils.vcxproj" sur le nœud 2 (Build cible(s)).
     1>ClCompile:
         C:\Program Files (x86)\Microsoft Visual Studio 12.0\VC\bin\CL.exe /c /I../ /Zi /nologo /W3 /WX- /Od /Oy- /D WIN32 /D _DEBUG /D _CONSOLE /D _VC80_UPGRADE=0x0710 /D _MBCS /Gm /EHsc /RTC1 /MTd /GS /fp:precise /Zc:wchar_t /Zc:forScope /Fo"Debug\\" /Fd"Debug\vc120.pdb" /Gd /TP /wd4996 /analyze- /errorReport:prompt GLCamera.cpp GLMesh.cpp GLTexture.cpp GLUtils.cpp OBJReader.cpp
         OBJReader.cpp
     1>D:\soft\SIMBICON\src\mathLib/mathLib.h(38): warning C4005: 'INFINITY' : redéfinition de macro
                 C:\Program Files (x86)\Microsoft Visual Studio 12.0\VC\include\math.h(102) : voir la définition précédente de 'INFINITY'
         GLUtils.cpp
     1>D:\soft\SIMBICON\src\MathLib/mathLib.h(38): warning C4005: 'INFINITY' : redéfinition de macro
                 C:\Program Files (x86)\Microsoft Visual Studio 12.0\VC\include\math.h(102) : voir la définition précédente de 'INFINITY'
         GLTexture.cpp
         GLMesh.cpp
     1>D:\soft\SIMBICON\src\mathLib/mathLib.h(38): warning C4005: 'INFINITY' : redéfinition de macro
                 C:\Program Files (x86)\Microsoft Visual Studio 12.0\VC\include\math.h(102) : voir la définition précédente de 'INFINITY'
         GLCamera.cpp
     1>D:\soft\SIMBICON\src\MathLib/mathLib.h(38): warning C4005: 'INFINITY' : redéfinition de macro
                 C:\Program Files (x86)\Microsoft Visual Studio 12.0\VC\include\math.h(102) : voir la définition précédente de 'INFINITY'
         Génération de code en cours...
       Lib:
         C:\Program Files (x86)\Microsoft Visual Studio 12.0\VC\bin\Lib.exe /OUT:"..\binaries\Debug\GLUtils.lib" /NOLOGO Debug\GLCamera.obj
         Debug\GLMesh.obj
         Debug\GLTexture.obj
         Debug\GLUtils.obj
         Debug\OBJReader.obj
         GLUtils.vcxproj -> D:\soft\SIMBICON\src\GLUtils\..\binaries\Debug\GLUtils.lib
     1>Génération du projet "D:\soft\SIMBICON\src\GLUtils\GLUtils.vcxproj" terminée (Build cible(s)).

La génération a réussi.

Temps écoulé 00:00:02.65
