La génération a démarré 21-Nov-14 5:24:05 PM.
     1>Projet "D:\soft\SIMBICON\src\gsl\gsl.vcxproj" sur le nœud 4 (Build cible(s)).
     1>ClCompile:
         C:\Program Files (x86)\Microsoft Visual Studio 12.0\VC\bin\CL.exe /c /I../ /Zi /nologo /W3 /WX- /Od /Oy- /D WIN32 /D _DEBUG /D _LIB /D _VC80_UPGRADE=0x0710 /D _MBCS /Gm /EHsc /RTC1 /MTd /GS /fp:precise /Zc:wchar_t /Zc:forScope /Fo"Debug\\" /Fd"Debug\vc120.pdb" /Gd /TC /wd4996 /analyze- /errorReport:prompt error.c block\block.c block\file.c block\init.c vector\copy.c vector\minmax.c vector\oper.c vector\prop.c vector\swap.c vector\vector.c matrix\getset.c matrix\matrix.c blas\blas.c blas\cblas.c
         cblas.c
         blas.c
         matrix.c
         getset.c
         vector.c
         swap.c
         prop.c
         oper.c
         minmax.c
         copy.c
         init.c
         file.c
         block.c
         error.c
         Génération de code en cours...
         C:\Program Files (x86)\Microsoft Visual Studio 12.0\VC\bin\CL.exe /c /I../ /Zi /nologo /W3 /WX- /Od /Oy- /D WIN32 /D _DEBUG /D _LIB /D _VC80_UPGRADE=0x0710 /D _MBCS /Gm /EHsc /RTC1 /MTd /GS /fp:precise /Zc:wchar_t /Zc:forScope /Fo"Debug\file1.obj" /Fd"Debug\vc120.pdb" /Gd /TC /wd4996 /analyze- /errorReport:prompt vector\file.c
         file.c
         C:\Program Files (x86)\Microsoft Visual Studio 12.0\VC\bin\CL.exe /c /I../ /Zi /nologo /W3 /WX- /Od /Oy- /D WIN32 /D _DEBUG /D _LIB /D _VC80_UPGRADE=0x0710 /D _MBCS /Gm /EHsc /RTC1 /MTd /GS /fp:precise /Zc:wchar_t /Zc:forScope /Fo"Debug\init1.obj" /Fd"Debug\vc120.pdb" /Gd /TC /wd4996 /analyze- /errorReport:prompt vector\init.c
         init.c
         C:\Program Files (x86)\Microsoft Visual Studio 12.0\VC\bin\CL.exe /c /I../ /Zi /nologo /W3 /WX- /Od /Oy- /D WIN32 /D _DEBUG /D _LIB /D _VC80_UPGRADE=0x0710 /D _MBCS /Gm /EHsc /RTC1 /MTd /GS /fp:precise /Zc:wchar_t /Zc:forScope /Fo"Debug\copy1.obj" /Fd"Debug\vc120.pdb" /Gd /TC /wd4996 /analyze- /errorReport:prompt matrix\copy.c
         copy.c
         C:\Program Files (x86)\Microsoft Visual Studio 12.0\VC\bin\CL.exe /c /I../ /Zi /nologo /W3 /WX- /Od /Oy- /D WIN32 /D _DEBUG /D _LIB /D _VC80_UPGRADE=0x0710 /D _MBCS /Gm /EHsc /RTC1 /MTd /GS /fp:precise /Zc:wchar_t /Zc:forScope /Fo"Debug\file2.obj" /Fd"Debug\vc120.pdb" /Gd /TC /wd4996 /analyze- /errorReport:prompt matrix\file.c
         file.c
         C:\Program Files (x86)\Microsoft Visual Studio 12.0\VC\bin\CL.exe /c /I../ /Zi /nologo /W3 /WX- /Od /Oy- /D WIN32 /D _DEBUG /D _LIB /D _VC80_UPGRADE=0x0710 /D _MBCS /Gm /EHsc /RTC1 /MTd /GS /fp:precise /Zc:wchar_t /Zc:forScope /Fo"Debug\init2.obj" /Fd"Debug\vc120.pdb" /Gd /TC /wd4996 /analyze- /errorReport:prompt matrix\init.c
         init.c
         C:\Program Files (x86)\Microsoft Visual Studio 12.0\VC\bin\CL.exe /c /I../ /Zi /nologo /W3 /WX- /Od /Oy- /D WIN32 /D _DEBUG /D _LIB /D _VC80_UPGRADE=0x0710 /D _MBCS /Gm /EHsc /RTC1 /MTd /GS /fp:precise /Zc:wchar_t /Zc:forScope /Fo"Debug\minmax1.obj" /Fd"Debug\vc120.pdb" /Gd /TC /wd4996 /analyze- /errorReport:prompt matrix\minmax.c
         minmax.c
         C:\Program Files (x86)\Microsoft Visual Studio 12.0\VC\bin\CL.exe /c /I../ /Zi /nologo /W3 /WX- /Od /Oy- /D WIN32 /D _DEBUG /D _LIB /D _VC80_UPGRADE=0x0710 /D _MBCS /Gm /EHsc /RTC1 /MTd /GS /fp:precise /Zc:wchar_t /Zc:forScope /Fo"Debug\oper1.obj" /Fd"Debug\vc120.pdb" /Gd /TC /wd4996 /analyze- /errorReport:prompt matrix\oper.c
         oper.c
         C:\Program Files (x86)\Microsoft Visual Studio 12.0\VC\bin\CL.exe /c /I../ /Zi /nologo /W3 /WX- /Od /Oy- /D WIN32 /D _DEBUG /D _LIB /D _VC80_UPGRADE=0x0710 /D _MBCS /Gm /EHsc /RTC1 /MTd /GS /fp:precise /Zc:wchar_t /Zc:forScope /Fo"Debug\prop1.obj" /Fd"Debug\vc120.pdb" /Gd /TC /wd4996 /analyze- /errorReport:prompt matrix\prop.c
         prop.c
         C:\Program Files (x86)\Microsoft Visual Studio 12.0\VC\bin\CL.exe /c /I../ /Zi /nologo /W3 /WX- /Od /Oy- /D WIN32 /D _DEBUG /D _LIB /D _VC80_UPGRADE=0x0710 /D _MBCS /Gm /EHsc /RTC1 /MTd /GS /fp:precise /Zc:wchar_t /Zc:forScope /Fo"Debug\swap1.obj" /Fd"Debug\vc120.pdb" /Gd /TC /wd4996 /analyze- /errorReport:prompt matrix\swap.c
         swap.c
       Lib:
         C:\Program Files (x86)\Microsoft Visual Studio 12.0\VC\bin\Lib.exe /OUT:"../binaries/Debug\gsl.lib" /LIBPATH:../blaslapack /NOLOGO Debug\error.obj
         Debug\block.obj
         Debug\file.obj
         Debug\init.obj
         Debug\copy.obj
         Debug\minmax.obj
         Debug\oper.obj
         Debug\prop.obj
         Debug\swap.obj
         Debug\vector.obj
         Debug\getset.obj
         Debug\matrix.obj
         Debug\blas.obj
         Debug\cblas.obj
         Debug\file1.obj
         Debug\init1.obj
         Debug\copy1.obj
         Debug\file2.obj
         Debug\init2.obj
         Debug\minmax1.obj
         Debug\oper1.obj
         Debug\prop1.obj
         Debug\swap1.obj
         gsl.vcxproj -> D:\soft\SIMBICON\src\gsl\../binaries/Debug\gsl.lib
     1>Génération du projet "D:\soft\SIMBICON\src\gsl\gsl.vcxproj" terminée (Build cible(s)).

La génération a réussi.

Temps écoulé 00:00:02.06
