La génération a démarré 21-Nov-14 5:24:05 PM.
     1>Projet "D:\soft\SIMBICON\src\MathLib\MathLib.vcxproj" sur le nœud 3 (Build cible(s)).
     1>ClCompile:
         C:\Program Files (x86)\Microsoft Visual Studio 12.0\VC\bin\CL.exe /c /I../ /Zi /nologo /W3 /WX- /Od /Oy- /D WIN32 /D _DEBUG /D _CONSOLE /D _VC80_UPGRADE=0x0710 /D _MBCS /Gm /EHsc /RTC1 /MTd /GS /fp:precise /Zc:wchar_t /Zc:forScope /Fo"Debug\\" /Fd"Debug\vc120.pdb" /Gd /TP /wd4996 /analyze- /errorReport:prompt Capsule.cpp Matrix.cpp Plane.cpp Point3d.cpp Quaternion.cpp Sphere.cpp ThreeTuple.cpp TransformationMatrix.cpp Vector.cpp Vector3d.cpp
         Vector3d.cpp
     1>D:\soft\SIMBICON\src\MathLib/mathLib.h(38): warning C4005: 'INFINITY' : redéfinition de macro
                 C:\Program Files (x86)\Microsoft Visual Studio 12.0\VC\include\math.h(102) : voir la définition précédente de 'INFINITY'
         Vector.cpp
     1>D:\soft\SIMBICON\src\MathLib/MathLib.h(38): warning C4005: 'INFINITY' : redéfinition de macro
                 C:\Program Files (x86)\Microsoft Visual Studio 12.0\VC\include\math.h(102) : voir la définition précédente de 'INFINITY'
         TransformationMatrix.cpp
     1>D:\soft\SIMBICON\src\MathLib/MathLib.h(38): warning C4005: 'INFINITY' : redéfinition de macro
                 C:\Program Files (x86)\Microsoft Visual Studio 12.0\VC\include\math.h(102) : voir la définition précédente de 'INFINITY'
         ThreeTuple.cpp
     1>D:\soft\SIMBICON\src\MathLib/mathLib.h(38): warning C4005: 'INFINITY' : redéfinition de macro
                 C:\Program Files (x86)\Microsoft Visual Studio 12.0\VC\include\math.h(102) : voir la définition précédente de 'INFINITY'
         Sphere.cpp
     1>D:\soft\SIMBICON\src\MathLib/mathLib.h(38): warning C4005: 'INFINITY' : redéfinition de macro
                 C:\Program Files (x86)\Microsoft Visual Studio 12.0\VC\include\math.h(102) : voir la définition précédente de 'INFINITY'
         Quaternion.cpp
     1>D:\soft\SIMBICON\src\MathLib/MathLib.h(38): warning C4005: 'INFINITY' : redéfinition de macro
                 C:\Program Files (x86)\Microsoft Visual Studio 12.0\VC\include\math.h(102) : voir la définition précédente de 'INFINITY'
         Point3d.cpp
     1>D:\soft\SIMBICON\src\MathLib/mathLib.h(38): warning C4005: 'INFINITY' : redéfinition de macro
                 C:\Program Files (x86)\Microsoft Visual Studio 12.0\VC\include\math.h(102) : voir la définition précédente de 'INFINITY'
         Plane.cpp
     1>D:\soft\SIMBICON\src\MathLib/mathLib.h(38): warning C4005: 'INFINITY' : redéfinition de macro
                 C:\Program Files (x86)\Microsoft Visual Studio 12.0\VC\include\math.h(102) : voir la définition précédente de 'INFINITY'
         Matrix.cpp
     1>D:\soft\SIMBICON\src\MathLib/MathLib.h(38): warning C4005: 'INFINITY' : redéfinition de macro
                 C:\Program Files (x86)\Microsoft Visual Studio 12.0\VC\include\math.h(102) : voir la définition précédente de 'INFINITY'
         Capsule.cpp
     1>D:\soft\SIMBICON\src\MathLib/mathLib.h(38): warning C4005: 'INFINITY' : redéfinition de macro
                 C:\Program Files (x86)\Microsoft Visual Studio 12.0\VC\include\math.h(102) : voir la définition précédente de 'INFINITY'
         Génération de code en cours...
       Lib:
         C:\Program Files (x86)\Microsoft Visual Studio 12.0\VC\bin\Lib.exe /OUT:"..\binaries\Debug\MathLib.lib" /NOLOGO Debug\Capsule.obj
         Debug\Matrix.obj
         Debug\Plane.obj
         Debug\Point3d.obj
         Debug\Quaternion.obj
         Debug\Sphere.obj
         Debug\ThreeTuple.obj
         Debug\TransformationMatrix.obj
         Debug\Vector.obj
         Debug\Vector3d.obj
         MathLib.vcxproj -> D:\soft\SIMBICON\src\MathLib\..\binaries\Debug\MathLib.lib
     1>Génération du projet "D:\soft\SIMBICON\src\MathLib\MathLib.vcxproj" terminée (Build cible(s)).

La génération a réussi.

Temps écoulé 00:00:02.98
