La génération a démarré 21-Nov-14 5:24:05 PM.
     1>Projet "D:\soft\SIMBICON\src\ode-0.9\ode.vcxproj" sur le nœud 5 (Build cible(s)).
     1>ClCompile:
         C:\Program Files (x86)\Microsoft Visual Studio 12.0\VC\bin\CL.exe /c /I"..\ode-0.9\include" /I"..\ode-0.9\OPCODE" /I./ /I../ /Zi /nologo /W3 /WX- /Od /Oy- /D WIN32 /D _CRT_SECURE_NO_DEPRECATE /D ODE_LIB /D _MBCS /Gm /EHsc /RTC1 /MTd /GS /fp:precise /Zc:wchar_t /Zc:forScope /Fo"Debug\\" /Fd"Debug\vc120.pdb" /Gd /TP /analyze- /errorReport:prompt ode\src\array.cpp ode\src\box.cpp ode\src\capsule.cpp ode\src\collision_cylinder_box.cpp ode\src\collision_cylinder_plane.cpp ode\src\collision_cylinder_sphere.cpp ode\src\collision_cylinder_trimesh.cpp ode\src\collision_kernel.cpp ode\src\collision_quadtreespace.cpp ode\src\collision_space.cpp ode\src\collision_transform.cpp ode\src\collision_trimesh_box.cpp ode\src\collision_trimesh_ccylinder.cpp ode\src\collision_trimesh_distance.cpp ode\src\collision_trimesh_opcode.cpp ode\src\collision_trimesh_plane.cpp ode\src\collision_trimesh_ray.cpp ode\src\collision_trimesh_sphere.cpp ode\src\collision_trimesh_trimesh.cpp ode\src\collision_util.cpp ode\src\convex.cpp ode\src\cylinder.cpp ode\src\error.cpp "ode\src\export-dif.cpp" ode\src\heightfield.cpp ode\src\joint.cpp ode\src\lcp.cpp ode\src\mass.cpp ode\src\mat.cpp ode\src\matrix.cpp ode\src\memory.cpp ode\src\misc.cpp ode\src\obstack.cpp ode\src\ode.cpp ode\src\odemath.cpp ode\src\plane.cpp ode\src\quickstep.cpp ode\src\ray.cpp ode\src\rotation.cpp ode\src\sphere.cpp ode\src\step.cpp ode\src\stepfast.cpp ode\src\testing.cpp ode\src\timer.cpp ode\src\util.cpp OPCODE\OPC_AABBCollider.cpp OPCODE\OPC_AABBTree.cpp OPCODE\OPC_BaseModel.cpp OPCODE\OPC_BoxPruning.cpp OPCODE\OPC_Collider.cpp OPCODE\OPC_HybridModel.cpp OPCODE\OPC_LSSCollider.cpp OPCODE\OPC_MeshInterface.cpp OPCODE\OPC_Model.cpp OPCODE\OPC_OBBCollider.cpp OPCODE\OPC_OptimizedTree.cpp OPCODE\OPC_PlanesCollider.cpp OPCODE\OPC_RayCollider.cpp OPCODE\OPC_SphereCollider.cpp OPCODE\OPC_SweepAndPrune.cpp OPCODE\OPC_TreeBuilders.cpp OPCODE\OPC_TreeCollider.cpp OPCODE\OPC_VolumeCollider.cpp OPCODE\Opcode.cpp OPCODE\Ice\IceAABB.cpp OPCODE\Ice\IceContainer.cpp OPCODE\Ice\IceHPoint.cpp OPCODE\Ice\IceIndexedTriangle.cpp OPCODE\Ice\IceMatrix3x3.cpp OPCODE\Ice\IceMatrix4x4.cpp OPCODE\Ice\IceOBB.cpp OPCODE\Ice\IcePlane.cpp OPCODE\Ice\IcePoint.cpp OPCODE\Ice\IceRandom.cpp OPCODE\Ice\IceRay.cpp OPCODE\Ice\IceRevisitedRadix.cpp OPCODE\Ice\IceSegment.cpp OPCODE\Ice\IceTriangle.cpp OPCODE\Ice\IceUtils.cpp GIMPACT\src\gim_boxpruning.cpp GIMPACT\src\gim_contact.cpp GIMPACT\src\gim_math.cpp GIMPACT\src\gim_memory.cpp GIMPACT\src\gim_tri_tri_overlap.cpp GIMPACT\src\gim_trimesh.cpp GIMPACT\src\gim_trimesh_capsule_collision.cpp GIMPACT\src\gim_trimesh_ray_collision.cpp GIMPACT\src\gim_trimesh_sphere_collision.cpp GIMPACT\src\gim_trimesh_trimesh_collision.cpp GIMPACT\src\gimpact.cpp
         gimpact.cpp
         gim_trimesh_trimesh_collision.cpp
         gim_trimesh_sphere_collision.cpp
         gim_trimesh_ray_collision.cpp
         gim_trimesh_capsule_collision.cpp
         gim_trimesh.cpp
         gim_tri_tri_overlap.cpp
         gim_memory.cpp
         gim_math.cpp
         gim_contact.cpp
         gim_boxpruning.cpp
         IceUtils.cpp
         IceTriangle.cpp
         IceSegment.cpp
         IceRevisitedRadix.cpp
         IceRay.cpp
         IceRandom.cpp
         IcePoint.cpp
         IcePlane.cpp
         IceOBB.cpp
         Génération de code en cours...
         Compilation en cours...
         IceMatrix4x4.cpp
         IceMatrix3x3.cpp
         IceIndexedTriangle.cpp
         IceHPoint.cpp
         IceContainer.cpp
         IceAABB.cpp
         Opcode.cpp
         OPC_VolumeCollider.cpp
         OPC_TreeCollider.cpp
         OPC_TreeBuilders.cpp
         OPC_SweepAndPrune.cpp
         OPC_SphereCollider.cpp
         OPC_RayCollider.cpp
         OPC_PlanesCollider.cpp
         OPC_OptimizedTree.cpp
         OPC_OBBCollider.cpp
         OPC_Model.cpp
         OPC_MeshInterface.cpp
         OPC_LSSCollider.cpp
         OPC_HybridModel.cpp
         Génération de code en cours...
         Compilation en cours...
         OPC_Collider.cpp
         OPC_BoxPruning.cpp
         OPC_BaseModel.cpp
         OPC_AABBTree.cpp
         OPC_AABBCollider.cpp
         util.cpp
         timer.cpp
         testing.cpp
         stepfast.cpp
         step.cpp
         sphere.cpp
         rotation.cpp
         ray.cpp
         quickstep.cpp
         plane.cpp
         odemath.cpp
         ode.cpp
         obstack.cpp
         misc.cpp
         memory.cpp
         Génération de code en cours...
         Compilation en cours...
         matrix.cpp
         mat.cpp
         mass.cpp
         lcp.cpp
         joint.cpp
         heightfield.cpp
         export-dif.cpp
         error.cpp
         cylinder.cpp
         convex.cpp
         collision_util.cpp
         collision_trimesh_trimesh.cpp
         collision_trimesh_sphere.cpp
         collision_trimesh_ray.cpp
         collision_trimesh_plane.cpp
         collision_trimesh_opcode.cpp
         collision_trimesh_distance.cpp
         collision_trimesh_ccylinder.cpp
         collision_trimesh_box.cpp
         collision_transform.cpp
         Génération de code en cours...
         Compilation en cours...
         collision_space.cpp
         collision_quadtreespace.cpp
         collision_kernel.cpp
         collision_cylinder_trimesh.cpp
         collision_cylinder_sphere.cpp
         collision_cylinder_plane.cpp
         collision_cylinder_box.cpp
         capsule.cpp
         box.cpp
         array.cpp
         Génération de code en cours...
         C:\Program Files (x86)\Microsoft Visual Studio 12.0\VC\bin\CL.exe /c /I"..\ode-0.9\include" /I"..\ode-0.9\OPCODE" /I./ /I../ /Zi /nologo /W3 /WX- /Od /Oy- /D WIN32 /D _CRT_SECURE_NO_DEPRECATE /D ODE_LIB /D _MBCS /Gm /EHsc /RTC1 /MTd /GS /fp:precise /Zc:wchar_t /Zc:forScope /Fo"Debug\\" /Fd"Debug\vc120.pdb" /Gd /TC /analyze- /errorReport:prompt ode\src\fastdot.c ode\src\fastldlt.c ode\src\fastlsolve.c ode\src\fastltsolve.c
         fastltsolve.c
         fastlsolve.c
         fastldlt.c
         fastdot.c
         Génération de code en cours...
       Lib:
         C:\Program Files (x86)\Microsoft Visual Studio 12.0\VC\bin\Lib.exe /OUT:"D:\soft\SIMBICON\src\Debug\ode.lib" /NOLOGO Debug\array.obj
         Debug\box.obj
         Debug\capsule.obj
         Debug\collision_cylinder_box.obj
         Debug\collision_cylinder_plane.obj
         Debug\collision_cylinder_sphere.obj
         Debug\collision_cylinder_trimesh.obj
         Debug\collision_kernel.obj
         Debug\collision_quadtreespace.obj
         Debug\collision_space.obj
         Debug\collision_transform.obj
         Debug\collision_trimesh_box.obj
         Debug\collision_trimesh_ccylinder.obj
         Debug\collision_trimesh_distance.obj
         Debug\collision_trimesh_opcode.obj
         Debug\collision_trimesh_plane.obj
         Debug\collision_trimesh_ray.obj
         Debug\collision_trimesh_sphere.obj
         Debug\collision_trimesh_trimesh.obj
         Debug\collision_util.obj
         Debug\convex.obj
         Debug\cylinder.obj
         Debug\error.obj
         "Debug\export-dif.obj"
         Debug\fastdot.obj
         Debug\fastldlt.obj
         Debug\fastlsolve.obj
         Debug\fastltsolve.obj
         Debug\heightfield.obj
         Debug\joint.obj
         Debug\lcp.obj
         Debug\mass.obj
         Debug\mat.obj
         Debug\matrix.obj
         Debug\memory.obj
         Debug\misc.obj
         Debug\obstack.obj
         Debug\ode.obj
         Debug\odemath.obj
         Debug\plane.obj
         Debug\quickstep.obj
         Debug\ray.obj
         Debug\rotation.obj
         Debug\sphere.obj
         Debug\step.obj
         Debug\stepfast.obj
         Debug\testing.obj
         Debug\timer.obj
         Debug\util.obj
         Debug\OPC_AABBCollider.obj
         Debug\OPC_AABBTree.obj
         Debug\OPC_BaseModel.obj
         Debug\OPC_BoxPruning.obj
         Debug\OPC_Collider.obj
         Debug\OPC_HybridModel.obj
         Debug\OPC_LSSCollider.obj
         Debug\OPC_MeshInterface.obj
         Debug\OPC_Model.obj
         Debug\OPC_OBBCollider.obj
         Debug\OPC_OptimizedTree.obj
         Debug\OPC_PlanesCollider.obj
         Debug\OPC_RayCollider.obj
         Debug\OPC_SphereCollider.obj
         Debug\OPC_SweepAndPrune.obj
         Debug\OPC_TreeBuilders.obj
         Debug\OPC_TreeCollider.obj
         Debug\OPC_VolumeCollider.obj
         Debug\Opcode.obj
         Debug\IceAABB.obj
         Debug\IceContainer.obj
         Debug\IceHPoint.obj
         Debug\IceIndexedTriangle.obj
         Debug\IceMatrix3x3.obj
         Debug\IceMatrix4x4.obj
         Debug\IceOBB.obj
         Debug\IcePlane.obj
         Debug\IcePoint.obj
         Debug\IceRandom.obj
         Debug\IceRay.obj
         Debug\IceRevisitedRadix.obj
         Debug\IceSegment.obj
         Debug\IceTriangle.obj
         Debug\IceUtils.obj
         Debug\gim_boxpruning.obj
         Debug\gim_contact.obj
         Debug\gim_math.obj
         Debug\gim_memory.obj
         Debug\gim_tri_tri_overlap.obj
         Debug\gim_trimesh.obj
         Debug\gim_trimesh_capsule_collision.obj
         Debug\gim_trimesh_ray_collision.obj
         Debug\gim_trimesh_sphere_collision.obj
         Debug\gim_trimesh_trimesh_collision.obj
         Debug\gimpact.obj
         ode.vcxproj -> D:\soft\SIMBICON\src\Debug\ode.lib
     1>Génération du projet "D:\soft\SIMBICON\src\ode-0.9\ode.vcxproj" terminée (Build cible(s)).

La génération a réussi.

Temps écoulé 00:00:12.72
